<?xml version="1.0" encoding="UTF-8"?>
<!-- Generated by org.testng.reporters.JUnitReportReporter -->
<testsuite hostname="DESKTOP-ETRCNPJ" failures="0" tests="1" name="testng.Dff" time="0.054" errors="0" timestamp="2023-04-27T17:09:15 EDT" skipped="0">
  <testcase classname="testng.Dff" name="Beforemethod" time="0.054"/>
  <system-out/>
</testsuite> <!-- testng.Dff -->
