<?xml version="1.0" encoding="UTF-8"?>
<!-- Generated by org.testng.reporters.JUnitReportReporter -->
<testsuite hostname="DESKTOP-ETRCNPJ" failures="0" tests="2" name="testng.Ntest" time="0.113" errors="0" timestamp="2023-04-25T00:08:53 EDT" skipped="0">
  <testcase classname="testng.Ntest" name="sum" time="0.101"/>
  <system-out/>
  <testcase classname="testng.Ntest" name="tn" time="0.012"/>
  <system-out/>
</testsuite> <!-- testng.Ntest -->
